<?xml version="1.0" encoding="UTF-8"?>
<testsuite name="com.amazon.ata.unittesting.texttruncator.TextTruncatorTest" tests="4" skipped="0" failures="0" errors="0" timestamp="2022-10-28T02:26:02" hostname="MININT-TCFPB5L" time="0.103">
  <properties/>
  <testcase name="truncateTo_nullString_doesntFailToNullString()" classname="com.amazon.ata.unittesting.texttruncator.TextTruncatorTest" time="0.09"/>
  <testcase name="truncateTo_stringLongerThanNumChars_shortensToFirstNumChars()" classname="com.amazon.ata.unittesting.texttruncator.TextTruncatorTest" time="0.003"/>
  <testcase name="truncateTo_stringSameLength_stringOfTheDesiredLength()" classname="com.amazon.ata.unittesting.texttruncator.TextTruncatorTest" time="0.004"/>
  <testcase name="truncateTo_stringShorterThanNumChars_doesntAppendSuffixOriginalStringIfShortEnough()" classname="com.amazon.ata.unittesting.texttruncator.TextTruncatorTest" time="0.001"/>
  <system-out><![CDATA[]]></system-out>
  <system-err><![CDATA[]]></system-err>
</testsuite>
